<!DOCTYPE html>
<html>
<head>
    <title>Unittest Results</title>
    <meta charset="utf-8">
    <meta name="viewport" content="width=device-width, initial-scale=1.0">
    <link rel="stylesheet" href="https://maxcdn.bootstrapcdn.com/bootstrap/3.3.6/css/bootstrap.min.css" integrity="sha384-1q8mTJOASx8j1Au+a5WDVnPi2lkFfwwEAa8hDDdjZlpLegxhjVME1fgjWPGmkzs7" crossorigin="anonymous">
</head>
<body>
    <div class="container">
        <div class="row">
            <div class="col-xs-12">
                <h2 class="text-capitalize">Unittest Results</h2>
                <p class='attribute'><strong>Start Time: </strong>2020-05-03 15:14:53</p>
                <p class='attribute'><strong>Duration: </strong>117.81 s</p>
                <p class='attribute'><strong>Summary: </strong>Total: 5, Pass: 3, Error: 2</p>
            </div>
        </div>
        <div class="row">
            <div class="col-xs-12 col-sm-10 col-md-10">
                <table class='table table-hover table-responsive'>
                    <thead>
                        <tr>
                            <th>__main__.RegistrationTest</th>
                            <th>Status</th>
                            <th></th>
                        </tr>
                    </thead>
                    <tbody>
                        <tr class='warning'>
                            <td class="col-xs-10">test_registration_1___anna_testmail_com____Anna________40111____MojeHasl0_____MojeHasl0_____KAT01A____Pole_wymagane__</td>
                            <td class="col-xs-1">
                                <span class="label label-warning" style="display:block;width:40px;">Error</span>
                            </td>
                            <td class="col-xs-1">
                                <button class="btn btn-default btn-xs">View</button>
                            </td>
                        </tr>
                        <tr style="display:none;">
                            <td class="col-xs-9" colspan="3"><p style="color:maroon;">WebDriverException: Message: unknown error: cannot determine loading status
from no such window
  (Session info: chrome=80.0.3987.87)
</p><p style="color:maroon;">Traceback (most recent call last):
  File "/home/klaudia/.local/lib/python3.6/site-packages/ddt.py", line 151, in wrapper
    return func(self, *args, **kwargs)
  File "test_inpost_registration.py", line 41, in test_registration
    lp.click_register_btn()
  File "/home/klaudia/Documents/zaliczenie_selenium/tests/pages/login_page.py", line 11, in click_register_btn
    WebDriverWait(self.driver, 40).until(EC.presence_of_element_located(LoginPageLocators.REGISTRATION_BTN)).click()
  File "/home/klaudia/.local/lib/python3.6/site-packages/selenium/webdriver/support/wait.py", line 71, in until
    value = method(self._driver)
  File "/home/klaudia/.local/lib/python3.6/site-packages/selenium/webdriver/support/expected_conditions.py", line 64, in __call__
    return _find_element(driver, self.locator)
  File "/home/klaudia/.local/lib/python3.6/site-packages/selenium/webdriver/support/expected_conditions.py", line 415, in _find_element
    raise e
  File "/home/klaudia/.local/lib/python3.6/site-packages/selenium/webdriver/support/expected_conditions.py", line 411, in _find_element
    return driver.find_element(*by)
  File "/home/klaudia/.local/lib/python3.6/site-packages/selenium/webdriver/remote/webdriver.py", line 978, in find_element
    'value': value})['value']
  File "/home/klaudia/.local/lib/python3.6/site-packages/selenium/webdriver/remote/webdriver.py", line 321, in execute
    self.error_handler.check_response(response)
  File "/home/klaudia/.local/lib/python3.6/site-packages/selenium/webdriver/remote/errorhandler.py", line 242, in check_response
    raise exception_class(message, screen, stacktrace)
selenium.common.exceptions.WebDriverException: Message: unknown error: cannot determine loading status
from no such window
  (Session info: chrome=80.0.3987.87)

</p>
                            </td>
                        </tr>
                        <tr class='success'>
                            <td class="col-xs-10">test_registration_2___dora_testmail_com____Dorota____1____92412____MojeHasl0_____MojeHasl0_____LDZ02M____Nieprawidłowy_numer_telefonu___</td>
                            <td class="col-xs-1">
                                <span class="label label-success" style="display:block;width:40px;">Pass</span>
                            </td>
                            <td class="col-xs-1">
                            </td>
                        </tr>
                        <tr class='success'>
                            <td class="col-xs-10">test_registration_3___rysiek_testmail_com____Ryszard____12345678____80266____MojeHasl0_____MojeHasl0_____GDA960____Nieprawidłowy_numer_telefonu___</td>
                            <td class="col-xs-1">
                                <span class="label label-success" style="display:block;width:40px;">Pass</span>
                            </td>
                            <td class="col-xs-1">
                            </td>
                        </tr>
                        <tr class='warning'>
                            <td class="col-xs-10">test_registration_4___grazyna_testmail_com____Grażyna____nrtelefon____70797____MojeHasl0_____MojeHasl0_____SZC25N____Pole_wymagane__</td>
                            <td class="col-xs-1">
                                <span class="label label-warning" style="display:block;width:40px;">Error</span>
                            </td>
                            <td class="col-xs-1">
                                <button class="btn btn-default btn-xs">View</button>
                            </td>
                        </tr>
                        <tr style="display:none;">
                            <td class="col-xs-9" colspan="3"><p style="color:maroon;">WebDriverException: Message: unknown error: cannot determine loading status
from no such window
  (Session info: chrome=80.0.3987.87)
</p><p style="color:maroon;">Traceback (most recent call last):
  File "/home/klaudia/.local/lib/python3.6/site-packages/ddt.py", line 151, in wrapper
    return func(self, *args, **kwargs)
  File "test_inpost_registration.py", line 41, in test_registration
    lp.click_register_btn()
  File "/home/klaudia/Documents/zaliczenie_selenium/tests/pages/login_page.py", line 11, in click_register_btn
    WebDriverWait(self.driver, 40).until(EC.presence_of_element_located(LoginPageLocators.REGISTRATION_BTN)).click()
  File "/home/klaudia/.local/lib/python3.6/site-packages/selenium/webdriver/support/wait.py", line 71, in until
    value = method(self._driver)
  File "/home/klaudia/.local/lib/python3.6/site-packages/selenium/webdriver/support/expected_conditions.py", line 64, in __call__
    return _find_element(driver, self.locator)
  File "/home/klaudia/.local/lib/python3.6/site-packages/selenium/webdriver/support/expected_conditions.py", line 415, in _find_element
    raise e
  File "/home/klaudia/.local/lib/python3.6/site-packages/selenium/webdriver/support/expected_conditions.py", line 411, in _find_element
    return driver.find_element(*by)
  File "/home/klaudia/.local/lib/python3.6/site-packages/selenium/webdriver/remote/webdriver.py", line 978, in find_element
    'value': value})['value']
  File "/home/klaudia/.local/lib/python3.6/site-packages/selenium/webdriver/remote/webdriver.py", line 321, in execute
    self.error_handler.check_response(response)
  File "/home/klaudia/.local/lib/python3.6/site-packages/selenium/webdriver/remote/errorhandler.py", line 242, in check_response
    raise exception_class(message, screen, stacktrace)
selenium.common.exceptions.WebDriverException: Message: unknown error: cannot determine loading status
from no such window
  (Session info: chrome=80.0.3987.87)

</p>
                            </td>
                        </tr>
                        <tr class='success'>
                            <td class="col-xs-10">test_registration_5___mirus_testmail_com____Mirosław_________________31346____MojeHasl0_____MojeHasl0_____KRA149____Pole_wymagane__</td>
                            <td class="col-xs-1">
                                <span class="label label-success" style="display:block;width:40px;">Pass</span>
                            </td>
                            <td class="col-xs-1">
                            </td>
                        </tr>
                        <tr>
                            <td colspan="3">
                                Total: 5, Pass: 3, Error: 2 -- Duration: 117.81 s
                            </td>
                        </tr>
                    </tbody>
                </table>
            </div>
        </div>
    </div>
    <script src="https://ajax.googleapis.com/ajax/libs/jquery/2.2.4/jquery.min.js"></script>
    <script type="text/javascript">
        $(document).ready(function(){
            $('td').on('click', '.btn', function(e){
                e.preventDefault();
                e.stopImmediatePropagation();
                var $this = $(this);
                var $nextRow = $this.closest('tr').next('tr');
                $nextRow.slideToggle("fast");
                $this.text(function(i, text){
                    if (text === 'View') {
                        return 'Hide';
                    } else {
                        return 'View';
                    };
                });
            });
        });
    </script>
</body>
</html